{"E:\\Projects\\OBSIDIAN\\src\\app.ts": {"path":"E:\\Projects\\OBSIDIAN\\src\\app.ts","statementMap":{"0":{"start":{"line":13,"column":12},"end":{"line":13,"column":20}},"1":{"start":{"line":16,"column":0},"end":{"line":16,"column":null}},"2":{"start":{"line":20,"column":23},"end":{"line":22,"column":null}},"3":{"start":{"line":24,"column":0},"end":{"line":24,"column":null}},"4":{"start":{"line":27,"column":0},"end":{"line":27,"column":null}},"5":{"start":{"line":28,"column":0},"end":{"line":28,"column":null}},"6":{"start":{"line":32,"column":6},"end":{"line":32,"column":null}},"7":{"start":{"line":34,"column":22},"end":{"line":40,"column":null}},"8":{"start":{"line":43,"column":20},"end":{"line":49,"column":null}},"9":{"start":{"line":51,"column":0},"end":{"line":51,"column":null}},"10":{"start":{"line":54,"column":0},"end":{"line":54,"column":null}},"11":{"start":{"line":55,"column":0},"end":{"line":55,"column":null}},"12":{"start":{"line":56,"column":0},"end":{"line":56,"column":null}},"13":{"start":{"line":57,"column":0},"end":{"line":57,"column":null}},"14":{"start":{"line":58,"column":0},"end":{"line":58,"column":null}},"15":{"start":{"line":61,"column":0},"end":{"line":63,"column":null}},"16":{"start":{"line":62,"column":2},"end":{"line":62,"column":null}},"17":{"start":{"line":66,"column":0},"end":{"line":66,"column":null}}},"fnMap":{"0":{"name":"(anonymous_0)","decl":{"start":{"line":61,"column":8},"end":{"line":61,"column":20}},"loc":{"start":{"line":61,"column":34},"end":{"line":63,"column":1}},"line":61}},"branchMap":{"0":{"loc":{"start":{"line":20,"column":23},"end":{"line":22,"column":null}},"type":"cond-expr","locations":[{"start":{"line":21,"column":4},"end":{"line":21,"column":null}},{"start":{"line":22,"column":4},"end":{"line":22,"column":null}}],"line":20},"1":{"loc":{"start":{"line":24,"column":13},"end":{"line":24,"column":68}},"type":"cond-expr","locations":[{"start":{"line":24,"column":30},"end":{"line":24,"column":59}},{"start":{"line":24,"column":59},"end":{"line":24,"column":68}}],"line":24},"2":{"loc":{"start":{"line":36,"column":7},"end":{"line":36,"column":null}},"type":"cond-expr","locations":[{"start":{"line":36,"column":16},"end":{"line":36,"column":25}},{"start":{"line":36,"column":25},"end":{"line":36,"column":null}}],"line":36},"3":{"loc":{"start":{"line":45,"column":7},"end":{"line":45,"column":null}},"type":"cond-expr","locations":[{"start":{"line":45,"column":16},"end":{"line":45,"column":25}},{"start":{"line":45,"column":25},"end":{"line":45,"column":null}}],"line":45}},"s":{"0":7,"1":7,"2":7,"3":7,"4":7,"5":7,"6":7,"7":7,"8":7,"9":7,"10":7,"11":7,"12":7,"13":7,"14":7,"15":7,"16":1,"17":7},"f":{"0":1},"b":{"0":[0,7],"1":[0,7],"2":[7,0],"3":[7,0]},"meta":{"lastBranch":4,"lastFunction":1,"lastStatement":18,"seen":{"s:13:12:13:20":0,"s:16:0:16:Infinity":1,"s:20:23:22:Infinity":2,"b:21:4:21:Infinity:22:4:22:Infinity":0,"s:24:0:24:Infinity":3,"b:24:30:24:59:24:59:24:68":1,"s:27:0:27:Infinity":4,"s:28:0:28:Infinity":5,"s:32:6:32:Infinity":6,"s:34:22:40:Infinity":7,"b:36:16:36:25:36:25:36:Infinity":2,"s:43:20:49:Infinity":8,"b:45:16:45:25:45:25:45:Infinity":3,"s:51:0:51:Infinity":9,"s:54:0:54:Infinity":10,"s:55:0:55:Infinity":11,"s:56:0:56:Infinity":12,"s:57:0:57:Infinity":13,"s:58:0:58:Infinity":14,"s:61:0:63:Infinity":15,"f:61:8:61:20":0,"s:62:2:62:Infinity":16,"s:66:0:66:Infinity":17},"fnNames":{}}}
,"E:\\Projects\\OBSIDIAN\\src\\config\\index.ts": {"path":"E:\\Projects\\OBSIDIAN\\src\\config\\index.ts","statementMap":{"0":{"start":{"line":2,"column":0},"end":{"line":2,"column":null}},"1":{"start":{"line":5,"column":0},"end":{"line":7,"column":null}},"2":{"start":{"line":6,"column":2},"end":{"line":6,"column":null}},"3":{"start":{"line":9,"column":22},"end":{"line":14,"column":null}}},"fnMap":{},"branchMap":{"0":{"loc":{"start":{"line":5,"column":0},"end":{"line":7,"column":null}},"type":"if","locations":[{"start":{"line":5,"column":0},"end":{"line":7,"column":null}},{"start":{},"end":{}}],"line":5},"1":{"loc":{"start":{"line":5,"column":0},"end":{"line":5,"column":70}},"type":"binary-expr","locations":[{"start":{"line":5,"column":0},"end":{"line":5,"column":45}},{"start":{"line":5,"column":45},"end":{"line":5,"column":70}}],"line":5},"2":{"loc":{"start":{"line":10,"column":8},"end":{"line":10,"column":null}},"type":"binary-expr","locations":[{"start":{"line":10,"column":8},"end":{"line":10,"column":28}},{"start":{"line":10,"column":28},"end":{"line":10,"column":null}}],"line":10},"3":{"loc":{"start":{"line":11,"column":2},"end":{"line":11,"column":null}},"type":"binary-expr","locations":[{"start":{"line":11,"column":2},"end":{"line":11,"column":35}},{"start":{"line":11,"column":35},"end":{"line":11,"column":null}}],"line":11},"4":{"loc":{"start":{"line":13,"column":13},"end":{"line":13,"column":null}},"type":"binary-expr","locations":[{"start":{"line":13,"column":13},"end":{"line":13,"column":39}},{"start":{"line":13,"column":39},"end":{"line":13,"column":null}}],"line":13}},"s":{"0":8,"1":8,"2":0,"3":8},"f":{},"b":{"0":[0,8],"1":[8,0],"2":[8,8],"3":[8,0],"4":[8,8]},"meta":{"lastBranch":5,"lastFunction":0,"lastStatement":4,"seen":{"s:2:0:2:Infinity":0,"b:5:0:7:Infinity:undefined:undefined:undefined:undefined":0,"s:5:0:7:Infinity":1,"b:5:0:5:45:5:45:5:70":1,"s:6:2:6:Infinity":2,"s:9:22:14:Infinity":3,"b:10:8:10:28:10:28:10:Infinity":2,"b:11:2:11:35:11:35:11:Infinity":3,"b:13:13:13:39:13:39:13:Infinity":4},"fnNames":{}}}
,"E:\\Projects\\OBSIDIAN\\src\\controllers\\auth.controller.ts": {"path":"E:\\Projects\\OBSIDIAN\\src\\controllers\\auth.controller.ts","statementMap":{"0":{"start":{"line":7,"column":4},"end":{"line":10,"column":null}},"1":{"start":{"line":8,"column":21},"end":{"line":8,"column":null}},"2":{"start":{"line":9,"column":6},"end":{"line":9,"column":null}},"3":{"start":{"line":10,"column":20},"end":{"line":10,"column":31}},"4":{"start":{"line":14,"column":4},"end":{"line":17,"column":null}},"5":{"start":{"line":15,"column":21},"end":{"line":15,"column":null}},"6":{"start":{"line":16,"column":6},"end":{"line":16,"column":null}},"7":{"start":{"line":17,"column":20},"end":{"line":17,"column":31}},"8":{"start":{"line":21,"column":4},"end":{"line":23,"column":null}},"9":{"start":{"line":22,"column":6},"end":{"line":22,"column":null}},"10":{"start":{"line":23,"column":20},"end":{"line":23,"column":31}}},"fnMap":{"0":{"name":"register","decl":{"start":{"line":6,"column":15},"end":{"line":6,"column":24}},"loc":{"start":{"line":6,"column":73},"end":{"line":11,"column":null}},"line":6},"1":{"name":"login","decl":{"start":{"line":13,"column":15},"end":{"line":13,"column":21}},"loc":{"start":{"line":13,"column":70},"end":{"line":18,"column":null}},"line":13},"2":{"name":"me","decl":{"start":{"line":20,"column":15},"end":{"line":20,"column":18}},"loc":{"start":{"line":20,"column":67},"end":{"line":24,"column":null}},"line":20}},"branchMap":{},"s":{"0":2,"1":2,"2":2,"3":0,"4":1,"5":1,"6":1,"7":0,"8":1,"9":1,"10":0},"f":{"0":7,"1":7,"2":7},"b":{},"meta":{"lastBranch":0,"lastFunction":3,"lastStatement":11,"seen":{"f:6:15:6:24":0,"s:7:4:10:Infinity":0,"s:8:21:8:Infinity":1,"s:9:6:9:Infinity":2,"s:10:20:10:31":3,"f:13:15:13:21":1,"s:14:4:17:Infinity":4,"s:15:21:15:Infinity":5,"s:16:6:16:Infinity":6,"s:17:20:17:31":7,"f:20:15:20:18":2,"s:21:4:23:Infinity":8,"s:22:6:22:Infinity":9,"s:23:20:23:31":10},"fnNames":{}}}
,"E:\\Projects\\OBSIDIAN\\src\\controllers\\employee.controller.ts": {"path":"E:\\Projects\\OBSIDIAN\\src\\controllers\\employee.controller.ts","statementMap":{"0":{"start":{"line":8,"column":4},"end":{"line":12,"column":null}},"1":{"start":{"line":9,"column":30},"end":{"line":9,"column":null}},"2":{"start":{"line":10,"column":21},"end":{"line":10,"column":null}},"3":{"start":{"line":11,"column":6},"end":{"line":11,"column":null}},"4":{"start":{"line":12,"column":20},"end":{"line":12,"column":31}},"5":{"start":{"line":16,"column":4},"end":{"line":20,"column":null}},"6":{"start":{"line":17,"column":17},"end":{"line":17,"column":null}},"7":{"start":{"line":18,"column":23},"end":{"line":18,"column":null}},"8":{"start":{"line":19,"column":6},"end":{"line":19,"column":null}},"9":{"start":{"line":20,"column":20},"end":{"line":20,"column":31}},"10":{"start":{"line":27,"column":4},"end":{"line":37,"column":null}},"11":{"start":{"line":28,"column":17},"end":{"line":28,"column":null}},"12":{"start":{"line":29,"column":19},"end":{"line":29,"column":null}},"13":{"start":{"line":31,"column":6},"end":{"line":33,"column":null}},"14":{"start":{"line":32,"column":8},"end":{"line":32,"column":null}},"15":{"start":{"line":35,"column":22},"end":{"line":35,"column":null}},"16":{"start":{"line":36,"column":6},"end":{"line":36,"column":null}},"17":{"start":{"line":37,"column":20},"end":{"line":37,"column":31}},"18":{"start":{"line":44,"column":4},"end":{"line":54,"column":null}},"19":{"start":{"line":45,"column":17},"end":{"line":45,"column":null}},"20":{"start":{"line":46,"column":19},"end":{"line":46,"column":null}},"21":{"start":{"line":48,"column":6},"end":{"line":50,"column":null}},"22":{"start":{"line":49,"column":8},"end":{"line":49,"column":null}},"23":{"start":{"line":52,"column":22},"end":{"line":52,"column":null}},"24":{"start":{"line":53,"column":6},"end":{"line":53,"column":null}},"25":{"start":{"line":54,"column":20},"end":{"line":54,"column":31}}},"fnMap":{"0":{"name":"getEmployees","decl":{"start":{"line":7,"column":15},"end":{"line":7,"column":28}},"loc":{"start":{"line":7,"column":77},"end":{"line":13,"column":null}},"line":7},"1":{"name":"getEmployeeById","decl":{"start":{"line":15,"column":15},"end":{"line":15,"column":31}},"loc":{"start":{"line":15,"column":80},"end":{"line":21,"column":null}},"line":15},"2":{"name":"getEmployeeProfile","decl":{"start":{"line":26,"column":15},"end":{"line":26,"column":34}},"loc":{"start":{"line":26,"column":83},"end":{"line":38,"column":null}},"line":26},"3":{"name":"getEmployeeMatches","decl":{"start":{"line":43,"column":15},"end":{"line":43,"column":34}},"loc":{"start":{"line":43,"column":83},"end":{"line":55,"column":null}},"line":43}},"branchMap":{"0":{"loc":{"start":{"line":31,"column":6},"end":{"line":33,"column":null}},"type":"if","locations":[{"start":{"line":31,"column":6},"end":{"line":33,"column":null}},{"start":{},"end":{}}],"line":31},"1":{"loc":{"start":{"line":31,"column":10},"end":{"line":31,"column":66}},"type":"binary-expr","locations":[{"start":{"line":31,"column":10},"end":{"line":31,"column":28}},{"start":{"line":31,"column":28},"end":{"line":31,"column":66}}],"line":31},"2":{"loc":{"start":{"line":48,"column":6},"end":{"line":50,"column":null}},"type":"if","locations":[{"start":{"line":48,"column":6},"end":{"line":50,"column":null}},{"start":{},"end":{}}],"line":48},"3":{"loc":{"start":{"line":48,"column":10},"end":{"line":48,"column":66}},"type":"binary-expr","locations":[{"start":{"line":48,"column":10},"end":{"line":48,"column":28}},{"start":{"line":48,"column":28},"end":{"line":48,"column":66}}],"line":48}},"s":{"0":2,"1":2,"2":2,"3":2,"4":0,"5":1,"6":1,"7":1,"8":1,"9":0,"10":5,"11":5,"12":5,"13":5,"14":1,"15":4,"16":4,"17":0,"18":4,"19":4,"20":4,"21":4,"22":1,"23":3,"24":3,"25":0},"f":{"0":7,"1":7,"2":7,"3":7},"b":{"0":[1,4],"1":[5,3],"2":[1,3],"3":[4,2]},"meta":{"lastBranch":4,"lastFunction":4,"lastStatement":26,"seen":{"f:7:15:7:28":0,"s:8:4:12:Infinity":0,"s:9:30:9:Infinity":1,"s:10:21:10:Infinity":2,"s:11:6:11:Infinity":3,"s:12:20:12:31":4,"f:15:15:15:31":1,"s:16:4:20:Infinity":5,"s:17:17:17:Infinity":6,"s:18:23:18:Infinity":7,"s:19:6:19:Infinity":8,"s:20:20:20:31":9,"f:26:15:26:34":2,"s:27:4:37:Infinity":10,"s:28:17:28:Infinity":11,"s:29:19:29:Infinity":12,"b:31:6:33:Infinity:undefined:undefined:undefined:undefined":0,"s:31:6:33:Infinity":13,"b:31:10:31:28:31:28:31:66":1,"s:32:8:32:Infinity":14,"s:35:22:35:Infinity":15,"s:36:6:36:Infinity":16,"s:37:20:37:31":17,"f:43:15:43:34":3,"s:44:4:54:Infinity":18,"s:45:17:45:Infinity":19,"s:46:19:46:Infinity":20,"b:48:6:50:Infinity:undefined:undefined:undefined:undefined":2,"s:48:6:50:Infinity":21,"b:48:10:48:28:48:28:48:66":3,"s:49:8:49:Infinity":22,"s:52:22:52:Infinity":23,"s:53:6:53:Infinity":24,"s:54:20:54:31":25},"fnNames":{}}}
,"E:\\Projects\\OBSIDIAN\\src\\controllers\\learning.controller.ts": {"path":"E:\\Projects\\OBSIDIAN\\src\\controllers\\learning.controller.ts","statementMap":{"0":{"start":{"line":7,"column":4},"end":{"line":11,"column":null}},"1":{"start":{"line":8,"column":30},"end":{"line":8,"column":null}},"2":{"start":{"line":9,"column":21},"end":{"line":9,"column":null}},"3":{"start":{"line":10,"column":6},"end":{"line":10,"column":null}},"4":{"start":{"line":11,"column":20},"end":{"line":11,"column":31}}},"fnMap":{"0":{"name":"getLearningResources","decl":{"start":{"line":6,"column":15},"end":{"line":6,"column":36}},"loc":{"start":{"line":6,"column":85},"end":{"line":12,"column":null}},"line":6}},"branchMap":{},"s":{"0":1,"1":1,"2":1,"3":1,"4":0},"f":{"0":7},"b":{},"meta":{"lastBranch":0,"lastFunction":1,"lastStatement":5,"seen":{"f:6:15:6:36":0,"s:7:4:11:Infinity":0,"s:8:30:8:Infinity":1,"s:9:21:9:Infinity":2,"s:10:6:10:Infinity":3,"s:11:20:11:31":4},"fnNames":{}}}
,"E:\\Projects\\OBSIDIAN\\src\\controllers\\role.controller.ts": {"path":"E:\\Projects\\OBSIDIAN\\src\\controllers\\role.controller.ts","statementMap":{"0":{"start":{"line":7,"column":4},"end":{"line":11,"column":null}},"1":{"start":{"line":8,"column":30},"end":{"line":8,"column":null}},"2":{"start":{"line":9,"column":21},"end":{"line":9,"column":null}},"3":{"start":{"line":10,"column":6},"end":{"line":10,"column":null}},"4":{"start":{"line":11,"column":20},"end":{"line":11,"column":31}},"5":{"start":{"line":15,"column":4},"end":{"line":19,"column":null}},"6":{"start":{"line":16,"column":17},"end":{"line":16,"column":null}},"7":{"start":{"line":17,"column":19},"end":{"line":17,"column":null}},"8":{"start":{"line":18,"column":6},"end":{"line":18,"column":null}},"9":{"start":{"line":19,"column":20},"end":{"line":19,"column":31}},"10":{"start":{"line":23,"column":4},"end":{"line":27,"column":null}},"11":{"start":{"line":24,"column":17},"end":{"line":24,"column":null}},"12":{"start":{"line":25,"column":22},"end":{"line":25,"column":null}},"13":{"start":{"line":26,"column":6},"end":{"line":26,"column":null}},"14":{"start":{"line":27,"column":20},"end":{"line":27,"column":31}}},"fnMap":{"0":{"name":"getRoles","decl":{"start":{"line":6,"column":15},"end":{"line":6,"column":24}},"loc":{"start":{"line":6,"column":73},"end":{"line":12,"column":null}},"line":6},"1":{"name":"getRoleById","decl":{"start":{"line":14,"column":15},"end":{"line":14,"column":27}},"loc":{"start":{"line":14,"column":76},"end":{"line":20,"column":null}},"line":14},"2":{"name":"getRoleMatches","decl":{"start":{"line":22,"column":15},"end":{"line":22,"column":30}},"loc":{"start":{"line":22,"column":79},"end":{"line":28,"column":null}},"line":22}},"branchMap":{},"s":{"0":1,"1":1,"2":1,"3":1,"4":0,"5":1,"6":1,"7":1,"8":1,"9":0,"10":3,"11":3,"12":3,"13":3,"14":0},"f":{"0":7,"1":7,"2":7},"b":{},"meta":{"lastBranch":0,"lastFunction":3,"lastStatement":15,"seen":{"f:6:15:6:24":0,"s:7:4:11:Infinity":0,"s:8:30:8:Infinity":1,"s:9:21:9:Infinity":2,"s:10:6:10:Infinity":3,"s:11:20:11:31":4,"f:14:15:14:27":1,"s:15:4:19:Infinity":5,"s:16:17:16:Infinity":6,"s:17:19:17:Infinity":7,"s:18:6:18:Infinity":8,"s:19:20:19:31":9,"f:22:15:22:30":2,"s:23:4:27:Infinity":10,"s:24:17:24:Infinity":11,"s:25:22:25:Infinity":12,"s:26:6:26:Infinity":13,"s:27:20:27:31":14},"fnNames":{}}}
,"E:\\Projects\\OBSIDIAN\\src\\controllers\\skill.controller.ts": {"path":"E:\\Projects\\OBSIDIAN\\src\\controllers\\skill.controller.ts","statementMap":{"0":{"start":{"line":7,"column":4},"end":{"line":11,"column":null}},"1":{"start":{"line":8,"column":30},"end":{"line":8,"column":null}},"2":{"start":{"line":9,"column":21},"end":{"line":9,"column":null}},"3":{"start":{"line":10,"column":6},"end":{"line":10,"column":null}},"4":{"start":{"line":11,"column":20},"end":{"line":11,"column":31}}},"fnMap":{"0":{"name":"getSkills","decl":{"start":{"line":6,"column":15},"end":{"line":6,"column":25}},"loc":{"start":{"line":6,"column":74},"end":{"line":12,"column":null}},"line":6}},"branchMap":{},"s":{"0":1,"1":1,"2":1,"3":1,"4":0},"f":{"0":7},"b":{},"meta":{"lastBranch":0,"lastFunction":1,"lastStatement":5,"seen":{"f:6:15:6:25":0,"s:7:4:11:Infinity":0,"s:8:30:8:Infinity":1,"s:9:21:9:Infinity":2,"s:10:6:10:Infinity":3,"s:11:20:11:31":4},"fnNames":{}}}
,"E:\\Projects\\OBSIDIAN\\src\\middlewares\\auth.middleware.ts": {"path":"E:\\Projects\\OBSIDIAN\\src\\middlewares\\auth.middleware.ts","statementMap":{"0":{"start":{"line":28,"column":13},"end":{"line":45,"column":null}},"1":{"start":{"line":29,"column":21},"end":{"line":29,"column":null}},"2":{"start":{"line":30,"column":2},"end":{"line":33,"column":null}},"3":{"start":{"line":31,"column":4},"end":{"line":31,"column":null}},"4":{"start":{"line":32,"column":4},"end":{"line":32,"column":null}},"5":{"start":{"line":35,"column":16},"end":{"line":35,"column":null}},"6":{"start":{"line":37,"column":2},"end":{"line":44,"column":null}},"7":{"start":{"line":38,"column":20},"end":{"line":38,"column":null}},"8":{"start":{"line":39,"column":4},"end":{"line":39,"column":null}},"9":{"start":{"line":40,"column":4},"end":{"line":40,"column":null}},"10":{"start":{"line":42,"column":4},"end":{"line":42,"column":null}},"11":{"start":{"line":43,"column":4},"end":{"line":43,"column":null}},"12":{"start":{"line":51,"column":13},"end":{"line":59,"column":null}},"13":{"start":{"line":52,"column":2},"end":{"line":58,"column":null}},"14":{"start":{"line":53,"column":4},"end":{"line":56,"column":null}},"15":{"start":{"line":54,"column":6},"end":{"line":54,"column":null}},"16":{"start":{"line":55,"column":6},"end":{"line":55,"column":null}},"17":{"start":{"line":57,"column":4},"end":{"line":57,"column":null}},"18":{"start":{"line":68,"column":13},"end":{"line":81,"column":null}},"19":{"start":{"line":69,"column":2},"end":{"line":80,"column":null}},"20":{"start":{"line":70,"column":17},"end":{"line":70,"column":null}},"21":{"start":{"line":71,"column":4},"end":{"line":74,"column":null}},"22":{"start":{"line":72,"column":6},"end":{"line":72,"column":null}},"23":{"start":{"line":73,"column":6},"end":{"line":73,"column":null}},"24":{"start":{"line":75,"column":4},"end":{"line":78,"column":null}},"25":{"start":{"line":76,"column":6},"end":{"line":76,"column":null}},"26":{"start":{"line":77,"column":6},"end":{"line":77,"column":null}},"27":{"start":{"line":79,"column":4},"end":{"line":79,"column":null}}},"fnMap":{"0":{"name":"(anonymous_0)","decl":{"start":{"line":28,"column":13},"end":{"line":28,"column":29}},"loc":{"start":{"line":28,"column":87},"end":{"line":45,"column":null}},"line":28},"1":{"name":"(anonymous_1)","decl":{"start":{"line":51,"column":13},"end":{"line":51,"column":28}},"loc":{"start":{"line":51,"column":48},"end":{"line":59,"column":null}},"line":51},"2":{"name":"(anonymous_2)","decl":{"start":{"line":52,"column":2},"end":{"line":52,"column":10}},"loc":{"start":{"line":52,"column":68},"end":{"line":58,"column":null}},"line":52},"3":{"name":"(anonymous_3)","decl":{"start":{"line":68,"column":13},"end":{"line":68,"column":35}},"loc":{"start":{"line":68,"column":98},"end":{"line":81,"column":null}},"line":68},"4":{"name":"(anonymous_4)","decl":{"start":{"line":69,"column":2},"end":{"line":69,"column":10}},"loc":{"start":{"line":69,"column":68},"end":{"line":80,"column":null}},"line":69}},"branchMap":{"0":{"loc":{"start":{"line":30,"column":2},"end":{"line":33,"column":null}},"type":"if","locations":[{"start":{"line":30,"column":2},"end":{"line":33,"column":null}},{"start":{},"end":{}}],"line":30},"1":{"loc":{"start":{"line":30,"column":6},"end":{"line":30,"column":56}},"type":"binary-expr","locations":[{"start":{"line":30,"column":6},"end":{"line":30,"column":21}},{"start":{"line":30,"column":21},"end":{"line":30,"column":56}}],"line":30},"2":{"loc":{"start":{"line":53,"column":4},"end":{"line":56,"column":null}},"type":"if","locations":[{"start":{"line":53,"column":4},"end":{"line":56,"column":null}},{"start":{},"end":{}}],"line":53},"3":{"loc":{"start":{"line":53,"column":8},"end":{"line":53,"column":53}},"type":"binary-expr","locations":[{"start":{"line":53,"column":8},"end":{"line":53,"column":21}},{"start":{"line":53,"column":21},"end":{"line":53,"column":53}}],"line":53},"4":{"loc":{"start":{"line":68,"column":60},"end":{"line":68,"column":98}},"type":"default-arg","locations":[{"start":{"line":68,"column":78},"end":{"line":68,"column":98}}],"line":68},"5":{"loc":{"start":{"line":71,"column":4},"end":{"line":74,"column":null}},"type":"if","locations":[{"start":{"line":71,"column":4},"end":{"line":74,"column":null}},{"start":{},"end":{}}],"line":71},"6":{"loc":{"start":{"line":75,"column":4},"end":{"line":78,"column":null}},"type":"if","locations":[{"start":{"line":75,"column":4},"end":{"line":78,"column":null}},{"start":{},"end":{}}],"line":75},"7":{"loc":{"start":{"line":75,"column":8},"end":{"line":75,"column":76}},"type":"binary-expr","locations":[{"start":{"line":75,"column":8},"end":{"line":75,"column":39}},{"start":{"line":75,"column":39},"end":{"line":75,"column":76}}],"line":75}},"s":{"0":7,"1":35,"2":35,"3":8,"4":8,"5":27,"6":27,"7":27,"8":27,"9":27,"10":1,"11":1,"12":7,"13":7,"14":4,"15":1,"16":1,"17":3,"18":7,"19":0,"20":0,"21":0,"22":0,"23":0,"24":0,"25":0,"26":0,"27":0},"f":{"0":35,"1":7,"2":4,"3":0,"4":0},"b":{"0":[8,27],"1":[35,28],"2":[1,3],"3":[4,4],"4":[0],"5":[0,0],"6":[0,0],"7":[0,0]},"meta":{"lastBranch":8,"lastFunction":5,"lastStatement":28,"seen":{"s:28:13:45:Infinity":0,"f:28:13:28:29":0,"s:29:21:29:Infinity":1,"b:30:2:33:Infinity:undefined:undefined:undefined:undefined":0,"s:30:2:33:Infinity":2,"b:30:6:30:21:30:21:30:56":1,"s:31:4:31:Infinity":3,"s:32:4:32:Infinity":4,"s:35:16:35:Infinity":5,"s:37:2:44:Infinity":6,"s:38:20:38:Infinity":7,"s:39:4:39:Infinity":8,"s:40:4:40:Infinity":9,"s:42:4:42:Infinity":10,"s:43:4:43:Infinity":11,"s:51:13:59:Infinity":12,"f:51:13:51:28":1,"s:52:2:58:Infinity":13,"f:52:2:52:10":2,"b:53:4:56:Infinity:undefined:undefined:undefined:undefined":2,"s:53:4:56:Infinity":14,"b:53:8:53:21:53:21:53:53":3,"s:54:6:54:Infinity":15,"s:55:6:55:Infinity":16,"s:57:4:57:Infinity":17,"s:68:13:81:Infinity":18,"f:68:13:68:35":3,"b:68:78:68:98":4,"s:69:2:80:Infinity":19,"f:69:2:69:10":4,"s:70:17:70:Infinity":20,"b:71:4:74:Infinity:undefined:undefined:undefined:undefined":5,"s:71:4:74:Infinity":21,"s:72:6:72:Infinity":22,"s:73:6:73:Infinity":23,"b:75:4:78:Infinity:undefined:undefined:undefined:undefined":6,"s:75:4:78:Infinity":24,"b:75:8:75:39:75:39:75:76":7,"s:76:6:76:Infinity":25,"s:77:6:77:Infinity":26,"s:79:4:79:Infinity":27},"fnNames":{}}}
,"E:\\Projects\\OBSIDIAN\\src\\middlewares\\error.middleware.ts": {"path":"E:\\Projects\\OBSIDIAN\\src\\middlewares\\error.middleware.ts","statementMap":{"0":{"start":{"line":6,"column":4},"end":{"line":6,"column":null}},"1":{"start":{"line":5,"column":21},"end":{"line":5,"column":41}},"2":{"start":{"line":5,"column":48},"end":{"line":5,"column":62}},"3":{"start":{"line":7,"column":4},"end":{"line":7,"column":null}},"4":{"start":{"line":11,"column":13},"end":{"line":25,"column":null}},"5":{"start":{"line":12,"column":2},"end":{"line":14,"column":null}},"6":{"start":{"line":13,"column":4},"end":{"line":13,"column":null}},"7":{"start":{"line":17,"column":2},"end":{"line":22,"column":null}},"8":{"start":{"line":24,"column":2},"end":{"line":24,"column":null}}},"fnMap":{"0":{"name":"constructor","decl":{"start":{"line":5,"column":2},"end":{"line":5,"column":14}},"loc":{"start":{"line":5,"column":79},"end":{"line":8,"column":null}},"line":5},"1":{"name":"(anonymous_1)","decl":{"start":{"line":11,"column":13},"end":{"line":11,"column":29}},"loc":{"start":{"line":11,"column":94},"end":{"line":25,"column":null}},"line":11}},"branchMap":{"0":{"loc":{"start":{"line":12,"column":2},"end":{"line":14,"column":null}},"type":"if","locations":[{"start":{"line":12,"column":2},"end":{"line":14,"column":null}},{"start":{},"end":{}}],"line":12}},"s":{"0":18,"1":18,"2":18,"3":18,"4":10,"5":12,"6":12,"7":0,"8":0},"f":{"0":18,"1":12},"b":{"0":[12,0]},"meta":{"lastBranch":1,"lastFunction":2,"lastStatement":9,"seen":{"f:5:2:5:14":0,"s:6:4:6:Infinity":0,"s:5:21:5:41":1,"s:5:48:5:62":2,"s:7:4:7:Infinity":3,"s:11:13:25:Infinity":4,"f:11:13:11:29":1,"b:12:2:14:Infinity:undefined:undefined:undefined:undefined":0,"s:12:2:14:Infinity":5,"s:13:4:13:Infinity":6,"s:17:2:22:Infinity":7,"s:24:2:24:Infinity":8},"fnNames":{}}}
,"E:\\Projects\\OBSIDIAN\\src\\middlewares\\validation.middleware.ts": {"path":"E:\\Projects\\OBSIDIAN\\src\\middlewares\\validation.middleware.ts","statementMap":{"0":{"start":{"line":5,"column":13},"end":{"line":26,"column":null}},"1":{"start":{"line":6,"column":2},"end":{"line":25,"column":null}},"2":{"start":{"line":7,"column":4},"end":{"line":24,"column":null}},"3":{"start":{"line":8,"column":6},"end":{"line":12,"column":null}},"4":{"start":{"line":13,"column":6},"end":{"line":13,"column":null}},"5":{"start":{"line":15,"column":6},"end":{"line":22,"column":null}},"6":{"start":{"line":16,"column":21},"end":{"line":16,"column":null}},"7":{"start":{"line":17,"column":21},"end":{"line":20,"column":null}},"8":{"start":{"line":18,"column":71},"end":{"line":18,"column":125}},"9":{"start":{"line":21,"column":8},"end":{"line":21,"column":null}},"10":{"start":{"line":23,"column":6},"end":{"line":23,"column":null}}},"fnMap":{"0":{"name":"(anonymous_0)","decl":{"start":{"line":5,"column":13},"end":{"line":5,"column":32}},"loc":{"start":{"line":5,"column":55},"end":{"line":26,"column":null}},"line":5},"1":{"name":"(anonymous_1)","decl":{"start":{"line":6,"column":9},"end":{"line":6,"column":16}},"loc":{"start":{"line":6,"column":68},"end":{"line":25,"column":null}},"line":6},"2":{"name":"(anonymous_2)","decl":{"start":{"line":18,"column":46},"end":{"line":18,"column":51}},"loc":{"start":{"line":18,"column":71},"end":{"line":18,"column":125}},"line":18}},"branchMap":{"0":{"loc":{"start":{"line":15,"column":6},"end":{"line":22,"column":null}},"type":"if","locations":[{"start":{"line":15,"column":6},"end":{"line":22,"column":null}},{"start":{},"end":{}}],"line":15},"1":{"loc":{"start":{"line":18,"column":86},"end":{"line":18,"column":111}},"type":"binary-expr","locations":[{"start":{"line":18,"column":86},"end":{"line":18,"column":109}},{"start":{"line":18,"column":109},"end":{"line":18,"column":111}}],"line":18}},"s":{"0":7,"1":77,"2":31,"3":31,"4":23,"5":8,"6":8,"7":8,"8":8,"9":8,"10":0},"f":{"0":77,"1":31,"2":8},"b":{"0":[8,0],"1":[8,0]},"meta":{"lastBranch":2,"lastFunction":3,"lastStatement":11,"seen":{"s:5:13:26:Infinity":0,"f:5:13:5:32":0,"s:6:2:25:Infinity":1,"f:6:9:6:16":1,"s:7:4:24:Infinity":2,"s:8:6:12:Infinity":3,"s:13:6:13:Infinity":4,"b:15:6:22:Infinity:undefined:undefined:undefined:undefined":0,"s:15:6:22:Infinity":5,"s:16:21:16:Infinity":6,"s:17:21:20:Infinity":7,"f:18:46:18:51":2,"s:18:71:18:125":8,"b:18:86:18:109:18:109:18:111":1,"s:21:8:21:Infinity":9,"s:23:6:23:Infinity":10},"fnNames":{}}}
,"E:\\Projects\\OBSIDIAN\\src\\routes\\auth.routes.ts": {"path":"E:\\Projects\\OBSIDIAN\\src\\routes\\auth.routes.ts","statementMap":{"0":{"start":{"line":7,"column":15},"end":{"line":7,"column":22}},"1":{"start":{"line":9,"column":0},"end":{"line":9,"column":null}},"2":{"start":{"line":10,"column":0},"end":{"line":10,"column":null}},"3":{"start":{"line":11,"column":0},"end":{"line":11,"column":null}}},"fnMap":{},"branchMap":{},"s":{"0":7,"1":7,"2":7,"3":7},"f":{},"b":{},"meta":{"lastBranch":0,"lastFunction":0,"lastStatement":4,"seen":{"s:7:15:7:22":0,"s:9:0:9:Infinity":1,"s:10:0:10:Infinity":2,"s:11:0:11:Infinity":3},"fnNames":{}}}
,"E:\\Projects\\OBSIDIAN\\src\\routes\\employee.routes.ts": {"path":"E:\\Projects\\OBSIDIAN\\src\\routes\\employee.routes.ts","statementMap":{"0":{"start":{"line":7,"column":15},"end":{"line":7,"column":22}},"1":{"start":{"line":9,"column":0},"end":{"line":9,"column":null}},"2":{"start":{"line":11,"column":0},"end":{"line":11,"column":null}},"3":{"start":{"line":12,"column":0},"end":{"line":12,"column":null}},"4":{"start":{"line":13,"column":0},"end":{"line":13,"column":null}},"5":{"start":{"line":14,"column":0},"end":{"line":14,"column":null}}},"fnMap":{},"branchMap":{},"s":{"0":7,"1":7,"2":7,"3":7,"4":7,"5":7},"f":{},"b":{},"meta":{"lastBranch":0,"lastFunction":0,"lastStatement":6,"seen":{"s:7:15:7:22":0,"s:9:0:9:Infinity":1,"s:11:0:11:Infinity":2,"s:12:0:12:Infinity":3,"s:13:0:13:Infinity":4,"s:14:0:14:Infinity":5},"fnNames":{}}}
,"E:\\Projects\\OBSIDIAN\\src\\routes\\learning.routes.ts": {"path":"E:\\Projects\\OBSIDIAN\\src\\routes\\learning.routes.ts","statementMap":{"0":{"start":{"line":7,"column":15},"end":{"line":7,"column":22}},"1":{"start":{"line":9,"column":0},"end":{"line":9,"column":null}},"2":{"start":{"line":11,"column":0},"end":{"line":11,"column":null}}},"fnMap":{},"branchMap":{},"s":{"0":7,"1":7,"2":7},"f":{},"b":{},"meta":{"lastBranch":0,"lastFunction":0,"lastStatement":3,"seen":{"s:7:15:7:22":0,"s:9:0:9:Infinity":1,"s:11:0:11:Infinity":2},"fnNames":{}}}
,"E:\\Projects\\OBSIDIAN\\src\\routes\\role.routes.ts": {"path":"E:\\Projects\\OBSIDIAN\\src\\routes\\role.routes.ts","statementMap":{"0":{"start":{"line":7,"column":15},"end":{"line":7,"column":22}},"1":{"start":{"line":9,"column":0},"end":{"line":9,"column":null}},"2":{"start":{"line":11,"column":0},"end":{"line":11,"column":null}},"3":{"start":{"line":12,"column":0},"end":{"line":12,"column":null}},"4":{"start":{"line":15,"column":0},"end":{"line":20,"column":null}}},"fnMap":{},"branchMap":{},"s":{"0":7,"1":7,"2":7,"3":7,"4":7},"f":{},"b":{},"meta":{"lastBranch":0,"lastFunction":0,"lastStatement":5,"seen":{"s:7:15:7:22":0,"s:9:0:9:Infinity":1,"s:11:0:11:Infinity":2,"s:12:0:12:Infinity":3,"s:15:0:20:Infinity":4},"fnNames":{}}}
,"E:\\Projects\\OBSIDIAN\\src\\routes\\skill.routes.ts": {"path":"E:\\Projects\\OBSIDIAN\\src\\routes\\skill.routes.ts","statementMap":{"0":{"start":{"line":7,"column":15},"end":{"line":7,"column":22}},"1":{"start":{"line":9,"column":0},"end":{"line":9,"column":null}},"2":{"start":{"line":11,"column":0},"end":{"line":11,"column":null}}},"fnMap":{},"branchMap":{},"s":{"0":7,"1":7,"2":7},"f":{},"b":{},"meta":{"lastBranch":0,"lastFunction":0,"lastStatement":3,"seen":{"s:7:15:7:22":0,"s:9:0:9:Infinity":1,"s:11:0:11:Infinity":2},"fnNames":{}}}
,"E:\\Projects\\OBSIDIAN\\src\\schemas\\auth.schema.ts": {"path":"E:\\Projects\\OBSIDIAN\\src\\schemas\\auth.schema.ts","statementMap":{"0":{"start":{"line":3,"column":30},"end":{"line":11,"column":null}},"1":{"start":{"line":13,"column":27},"end":{"line":18,"column":null}}},"fnMap":{},"branchMap":{},"s":{"0":7,"1":7},"f":{},"b":{},"meta":{"lastBranch":0,"lastFunction":0,"lastStatement":2,"seen":{"s:3:30:11:Infinity":0,"s:13:27:18:Infinity":1},"fnNames":{}}}
,"E:\\Projects\\OBSIDIAN\\src\\schemas\\common.schema.ts": {"path":"E:\\Projects\\OBSIDIAN\\src\\schemas\\common.schema.ts","statementMap":{"0":{"start":{"line":3,"column":18},"end":{"line":3,"column":null}},"1":{"start":{"line":5,"column":32},"end":{"line":17,"column":null}},"2":{"start":{"line":15,"column":21},"end":{"line":15,"column":37}},"3":{"start":{"line":19,"column":29},"end":{"line":23,"column":null}}},"fnMap":{"0":{"name":"(anonymous_0)","decl":{"start":{"line":15,"column":7},"end":{"line":15,"column":15}},"loc":{"start":{"line":15,"column":21},"end":{"line":15,"column":37}},"line":15}},"branchMap":{},"s":{"0":7,"1":7,"2":7,"3":7},"f":{"0":7},"b":{},"meta":{"lastBranch":0,"lastFunction":1,"lastStatement":4,"seen":{"s:3:18:3:Infinity":0,"s:5:32:17:Infinity":1,"f:15:7:15:15":0,"s:15:21:15:37":2,"s:19:29:23:Infinity":3},"fnNames":{}}}
,"E:\\Projects\\OBSIDIAN\\src\\services\\auth.service.ts": {"path":"E:\\Projects\\OBSIDIAN\\src\\services\\auth.service.ts","statementMap":{"0":{"start":{"line":9,"column":29},"end":{"line":20,"column":null}},"1":{"start":{"line":30,"column":21},"end":{"line":32,"column":null}},"2":{"start":{"line":33,"column":4},"end":{"line":36,"column":null}},"3":{"start":{"line":35,"column":6},"end":{"line":35,"column":null}},"4":{"start":{"line":38,"column":25},"end":{"line":38,"column":null}},"5":{"start":{"line":40,"column":21},"end":{"line":49,"column":null}},"6":{"start":{"line":51,"column":18},"end":{"line":51,"column":null}},"7":{"start":{"line":52,"column":4},"end":{"line":52,"column":null}},"8":{"start":{"line":57,"column":21},"end":{"line":59,"column":null}},"9":{"start":{"line":63,"column":22},"end":{"line":63,"column":null}},"10":{"start":{"line":64,"column":26},"end":{"line":64,"column":null}},"11":{"start":{"line":65,"column":18},"end":{"line":65,"column":null}},"12":{"start":{"line":67,"column":4},"end":{"line":69,"column":null}},"13":{"start":{"line":68,"column":6},"end":{"line":68,"column":null}},"14":{"start":{"line":72,"column":25},"end":{"line":75,"column":null}},"15":{"start":{"line":77,"column":18},"end":{"line":77,"column":null}},"16":{"start":{"line":78,"column":4},"end":{"line":78,"column":null}},"17":{"start":{"line":82,"column":30},"end":{"line":86,"column":null}},"18":{"start":{"line":87,"column":4},"end":{"line":87,"column":null}}},"fnMap":{"0":{"name":"register","decl":{"start":{"line":23,"column":15},"end":{"line":23,"column":24}},"loc":{"start":{"line":29,"column":5},"end":{"line":53,"column":null}},"line":29},"1":{"name":"login","decl":{"start":{"line":55,"column":15},"end":{"line":55,"column":21}},"loc":{"start":{"line":55,"column":64},"end":{"line":79,"column":null}},"line":55},"2":{"name":"generateToken","decl":{"start":{"line":81,"column":17},"end":{"line":81,"column":31}},"loc":{"start":{"line":81,"column":92},"end":{"line":88,"column":null}},"line":81}},"branchMap":{"0":{"loc":{"start":{"line":33,"column":4},"end":{"line":36,"column":null}},"type":"if","locations":[{"start":{"line":33,"column":4},"end":{"line":36,"column":null}},{"start":{},"end":{}}],"line":33},"1":{"loc":{"start":{"line":64,"column":26},"end":{"line":64,"column":null}},"type":"binary-expr","locations":[{"start":{"line":64,"column":26},"end":{"line":64,"column":52}},{"start":{"line":64,"column":52},"end":{"line":64,"column":null}}],"line":64},"2":{"loc":{"start":{"line":67,"column":4},"end":{"line":69,"column":null}},"type":"if","locations":[{"start":{"line":67,"column":4},"end":{"line":69,"column":null}},{"start":{},"end":{}}],"line":67},"3":{"loc":{"start":{"line":67,"column":8},"end":{"line":67,"column":55}},"type":"binary-expr","locations":[{"start":{"line":67,"column":8},"end":{"line":67,"column":21}},{"start":{"line":67,"column":21},"end":{"line":67,"column":47}},{"start":{"line":67,"column":47},"end":{"line":67,"column":55}}],"line":67}},"s":{"0":6,"1":2,"2":2,"3":1,"4":1,"5":1,"6":1,"7":1,"8":3,"9":3,"10":3,"11":3,"12":3,"13":2,"14":1,"15":1,"16":1,"17":2,"18":2},"f":{"0":6,"1":6,"2":6},"b":{"0":[1,1],"1":[3,1],"2":[2,1],"3":[3,2,2]},"meta":{"lastBranch":4,"lastFunction":3,"lastStatement":19,"seen":{"s:9:29:20:Infinity":0,"f:23:15:23:24":0,"s:30:21:32:Infinity":1,"b:33:4:36:Infinity:undefined:undefined:undefined:undefined":0,"s:33:4:36:Infinity":2,"s:35:6:35:Infinity":3,"s:38:25:38:Infinity":4,"s:40:21:49:Infinity":5,"s:51:18:51:Infinity":6,"s:52:4:52:Infinity":7,"f:55:15:55:21":1,"s:57:21:59:Infinity":8,"s:63:22:63:Infinity":9,"s:64:26:64:Infinity":10,"b:64:26:64:52:64:52:64:Infinity":1,"s:65:18:65:Infinity":11,"b:67:4:69:Infinity:undefined:undefined:undefined:undefined":2,"s:67:4:69:Infinity":12,"b:67:8:67:21:67:21:67:47:67:47:67:55":3,"s:68:6:68:Infinity":13,"s:72:25:75:Infinity":14,"s:77:18:77:Infinity":15,"s:78:4:78:Infinity":16,"f:81:17:81:31":2,"s:82:30:86:Infinity":17,"s:87:4:87:Infinity":18},"fnNames":{}}}
,"E:\\Projects\\OBSIDIAN\\src\\services\\employee.service.ts": {"path":"E:\\Projects\\OBSIDIAN\\src\\services\\employee.service.ts","statementMap":{"0":{"start":{"line":5,"column":31},"end":{"line":14,"column":null}},"1":{"start":{"line":18,"column":10},"end":{"line":18,"column":null}},"2":{"start":{"line":20,"column":31},"end":{"line":28,"column":null}},"3":{"start":{"line":30,"column":4},"end":{"line":38,"column":null}},"4":{"start":{"line":42,"column":21},"end":{"line":46,"column":null}},"5":{"start":{"line":47,"column":4},"end":{"line":47,"column":null}},"6":{"start":{"line":47,"column":19},"end":{"line":47,"column":null}},"7":{"start":{"line":48,"column":4},"end":{"line":48,"column":null}},"8":{"start":{"line":52,"column":21},"end":{"line":77,"column":null}},"9":{"start":{"line":79,"column":4},"end":{"line":79,"column":null}},"10":{"start":{"line":79,"column":19},"end":{"line":79,"column":null}},"11":{"start":{"line":82,"column":49},"end":{"line":82,"column":null}},"12":{"start":{"line":83,"column":4},"end":{"line":83,"column":null}},"13":{"start":{"line":87,"column":20},"end":{"line":103,"column":null}},"14":{"start":{"line":104,"column":4},"end":{"line":104,"column":null}}},"fnMap":{"0":{"name":"getEmployees","decl":{"start":{"line":17,"column":15},"end":{"line":17,"column":28}},"loc":{"start":{"line":17,"column":57},"end":{"line":39,"column":null}},"line":17},"1":{"name":"getEmployeeById","decl":{"start":{"line":41,"column":15},"end":{"line":41,"column":31}},"loc":{"start":{"line":41,"column":43},"end":{"line":49,"column":null}},"line":41},"2":{"name":"getEmployeeProfile","decl":{"start":{"line":51,"column":15},"end":{"line":51,"column":34}},"loc":{"start":{"line":51,"column":46},"end":{"line":84,"column":null}},"line":51},"3":{"name":"getEmployeeMatches","decl":{"start":{"line":86,"column":15},"end":{"line":86,"column":34}},"loc":{"start":{"line":86,"column":46},"end":{"line":105,"column":null}},"line":86}},"branchMap":{"0":{"loc":{"start":{"line":47,"column":4},"end":{"line":47,"column":null}},"type":"if","locations":[{"start":{"line":47,"column":4},"end":{"line":47,"column":null}},{"start":{},"end":{}}],"line":47},"1":{"loc":{"start":{"line":79,"column":4},"end":{"line":79,"column":null}},"type":"if","locations":[{"start":{"line":79,"column":4},"end":{"line":79,"column":null}},{"start":{},"end":{}}],"line":79}},"s":{"0":6,"1":1,"2":1,"3":1,"4":2,"5":2,"6":1,"7":1,"8":2,"9":2,"10":1,"11":1,"12":1,"13":1,"14":1},"f":{"0":6,"1":6,"2":6,"3":6},"b":{"0":[1,1],"1":[1,1]},"meta":{"lastBranch":2,"lastFunction":4,"lastStatement":15,"seen":{"s:5:31:14:Infinity":0,"f:17:15:17:28":0,"s:18:10:18:Infinity":1,"s:20:31:28:Infinity":2,"s:30:4:38:Infinity":3,"f:41:15:41:31":1,"s:42:21:46:Infinity":4,"b:47:4:47:Infinity:undefined:undefined:undefined:undefined":0,"s:47:4:47:Infinity":5,"s:47:19:47:Infinity":6,"s:48:4:48:Infinity":7,"f:51:15:51:34":2,"s:52:21:77:Infinity":8,"b:79:4:79:Infinity:undefined:undefined:undefined:undefined":1,"s:79:4:79:Infinity":9,"s:79:19:79:Infinity":10,"s:82:49:82:Infinity":11,"s:83:4:83:Infinity":12,"f:86:15:86:34":3,"s:87:20:103:Infinity":13,"s:104:4:104:Infinity":14},"fnNames":{}}}
,"E:\\Projects\\OBSIDIAN\\src\\services\\learning.service.ts": {"path":"E:\\Projects\\OBSIDIAN\\src\\services\\learning.service.ts","statementMap":{"0":{"start":{"line":5,"column":10},"end":{"line":5,"column":null}},"1":{"start":{"line":6,"column":31},"end":{"line":13,"column":null}},"2":{"start":{"line":15,"column":4},"end":{"line":23,"column":null}}},"fnMap":{"0":{"name":"getLearningResources","decl":{"start":{"line":4,"column":15},"end":{"line":4,"column":36}},"loc":{"start":{"line":4,"column":65},"end":{"line":24,"column":null}},"line":4}},"branchMap":{},"s":{"0":1,"1":1,"2":1},"f":{"0":7},"b":{},"meta":{"lastBranch":0,"lastFunction":1,"lastStatement":3,"seen":{"f:4:15:4:36":0,"s:5:10:5:Infinity":0,"s:6:31:13:Infinity":1,"s:15:4:23:Infinity":2},"fnNames":{}}}
,"E:\\Projects\\OBSIDIAN\\src\\services\\role.service.ts": {"path":"E:\\Projects\\OBSIDIAN\\src\\services\\role.service.ts","statementMap":{"0":{"start":{"line":6,"column":10},"end":{"line":6,"column":null}},"1":{"start":{"line":7,"column":27},"end":{"line":14,"column":null}},"2":{"start":{"line":16,"column":4},"end":{"line":24,"column":null}},"3":{"start":{"line":28,"column":17},"end":{"line":35,"column":null}},"4":{"start":{"line":36,"column":4},"end":{"line":36,"column":null}},"5":{"start":{"line":36,"column":15},"end":{"line":36,"column":null}},"6":{"start":{"line":37,"column":4},"end":{"line":37,"column":null}},"7":{"start":{"line":41,"column":20},"end":{"line":55,"column":null}},"8":{"start":{"line":56,"column":4},"end":{"line":56,"column":null}}},"fnMap":{"0":{"name":"getRoles","decl":{"start":{"line":5,"column":15},"end":{"line":5,"column":24}},"loc":{"start":{"line":5,"column":53},"end":{"line":25,"column":null}},"line":5},"1":{"name":"getRoleById","decl":{"start":{"line":27,"column":15},"end":{"line":27,"column":27}},"loc":{"start":{"line":27,"column":39},"end":{"line":38,"column":null}},"line":27},"2":{"name":"getRoleMatches","decl":{"start":{"line":40,"column":15},"end":{"line":40,"column":30}},"loc":{"start":{"line":40,"column":42},"end":{"line":57,"column":null}},"line":40}},"branchMap":{"0":{"loc":{"start":{"line":36,"column":4},"end":{"line":36,"column":null}},"type":"if","locations":[{"start":{"line":36,"column":4},"end":{"line":36,"column":null}},{"start":{},"end":{}}],"line":36}},"s":{"0":1,"1":1,"2":1,"3":2,"4":2,"5":1,"6":1,"7":1,"8":1},"f":{"0":6,"1":6,"2":6},"b":{"0":[1,1]},"meta":{"lastBranch":1,"lastFunction":3,"lastStatement":9,"seen":{"f:5:15:5:24":0,"s:6:10:6:Infinity":0,"s:7:27:14:Infinity":1,"s:16:4:24:Infinity":2,"f:27:15:27:27":1,"s:28:17:35:Infinity":3,"b:36:4:36:Infinity:undefined:undefined:undefined:undefined":0,"s:36:4:36:Infinity":4,"s:36:15:36:Infinity":5,"s:37:4:37:Infinity":6,"f:40:15:40:30":2,"s:41:20:55:Infinity":7,"s:56:4:56:Infinity":8},"fnNames":{}}}
,"E:\\Projects\\OBSIDIAN\\src\\services\\skill.service.ts": {"path":"E:\\Projects\\OBSIDIAN\\src\\services\\skill.service.ts","statementMap":{"0":{"start":{"line":5,"column":10},"end":{"line":5,"column":null}},"1":{"start":{"line":6,"column":28},"end":{"line":16,"column":null}},"2":{"start":{"line":18,"column":4},"end":{"line":26,"column":null}}},"fnMap":{"0":{"name":"getSkills","decl":{"start":{"line":4,"column":15},"end":{"line":4,"column":25}},"loc":{"start":{"line":4,"column":54},"end":{"line":27,"column":null}},"line":4}},"branchMap":{},"s":{"0":1,"1":1,"2":1},"f":{"0":7},"b":{},"meta":{"lastBranch":0,"lastFunction":1,"lastStatement":3,"seen":{"f:4:15:4:25":0,"s:5:10:5:Infinity":0,"s:6:28:16:Infinity":1,"s:18:4:26:Infinity":2},"fnNames":{}}}
,"E:\\Projects\\OBSIDIAN\\src\\utils\\prisma.ts": {"path":"E:\\Projects\\OBSIDIAN\\src\\utils\\prisma.ts","statementMap":{"0":{"start":{"line":3,"column":15},"end":{"line":3,"column":null}}},"fnMap":{},"branchMap":{},"s":{"0":7},"f":{},"b":{},"meta":{"lastBranch":0,"lastFunction":0,"lastStatement":1,"seen":{"s:3:15:3:Infinity":0},"fnNames":{}}}
,"E:\\Projects\\OBSIDIAN\\src\\utils\\response.ts": {"path":"E:\\Projects\\OBSIDIAN\\src\\utils\\response.ts","statementMap":{"0":{"start":{"line":3,"column":13},"end":{"line":10,"column":null}},"1":{"start":{"line":4,"column":2},"end":{"line":9,"column":null}},"2":{"start":{"line":12,"column":13},"end":{"line":20,"column":null}},"3":{"start":{"line":13,"column":2},"end":{"line":19,"column":null}}},"fnMap":{"0":{"name":"(anonymous_0)","decl":{"start":{"line":3,"column":13},"end":{"line":3,"column":28}},"loc":{"start":{"line":3,"column":111},"end":{"line":10,"column":null}},"line":3},"1":{"name":"(anonymous_1)","decl":{"start":{"line":12,"column":13},"end":{"line":12,"column":26}},"loc":{"start":{"line":12,"column":93},"end":{"line":20,"column":null}},"line":12}},"branchMap":{"0":{"loc":{"start":{"line":3,"column":72},"end":{"line":3,"column":90}},"type":"default-arg","locations":[{"start":{"line":3,"column":85},"end":{"line":3,"column":90}}],"line":3},"1":{"loc":{"start":{"line":12,"column":72},"end":{"line":12,"column":93}},"type":"default-arg","locations":[{"start":{"line":12,"column":85},"end":{"line":12,"column":93}}],"line":12}},"s":{"0":10,"1":21,"2":10,"3":20},"f":{"0":21,"1":20},"b":{"0":[21],"1":[20]},"meta":{"lastBranch":2,"lastFunction":2,"lastStatement":4,"seen":{"s:3:13:10:Infinity":0,"f:3:13:3:28":0,"b:3:85:3:90":0,"s:4:2:9:Infinity":1,"s:12:13:20:Infinity":2,"f:12:13:12:26":1,"b:12:85:12:93":1,"s:13:2:19:Infinity":3},"fnNames":{}}}
}
